# JRE version: Java(TM) SE Runtime Environment (8.0_111-b14) (build 1.8.0_111-b14)
# Java VM: Java HotSpot(TM) 64-Bit Server VM (25.111-b14 mixed mode windows-amd64 compressed oops)
Heap:
 PSYoungGen      total 106496K, used 80425K [0x000000076b200000, 0x0000000773400000, 0x00000007c0000000)
  eden space 95744K, 73% used [0x000000076b200000,0x000000076f6fc640,0x0000000770f80000)
  from space 10752K, 90% used [0x0000000771a00000,0x000000077238de70,0x0000000772480000)
  to   space 10752K, 0% used [0x0000000770f80000,0x0000000770f80000,0x0000000771a00000)
 ParOldGen       total 129536K, used 16714K [0x00000006c1600000, 0x00000006c9480000, 0x000000076b200000)
  object space 129536K, 12% used [0x00000006c1600000,0x00000006c2652bd8,0x00000006c9480000)
 Metaspace       used 23797K, capacity 24498K, committed 24832K, reserved 1071104K
  class space    used 3010K, capacity 3210K, committed 3328K, reserved 1048576K
GC Heap History (10 events):
Event: 1.892 GC heap before
{Heap before GC invocations=1 (full 0):
 PSYoungGen      total 76288K, used 65536K [0x000000076b200000, 0x0000000770700000, 0x00000007c0000000)
  eden space 65536K, 100% used [0x000000076b200000,0x000000076f200000,0x000000076f200000)
  from space 10752K, 0% used [0x000000076fc80000,0x000000076fc80000,0x0000000770700000)
  to   space 10752K, 0% used [0x000000076f200000,0x000000076f200000,0x000000076fc80000)
 ParOldGen       total 175104K, used 0K [0x00000006c1600000, 0x00000006cc100000, 0x000000076b200000)
  object space 175104K, 0% used [0x00000006c1600000,0x00000006c1600000,0x00000006cc100000)
 Metaspace       used 15375K, capacity 15940K, committed 16256K, reserved 1062912K
  class space    used 1937K, capacity 2073K, committed 2176K, reserved 1048576K
Event: 1.906 GC heap after
Heap after GC invocations=1 (full 0):
 PSYoungGen      total 76288K, used 9968K [0x000000076b200000, 0x0000000770700000, 0x00000007c0000000)
  eden space 65536K, 0% used [0x000000076b200000,0x000000076b200000,0x000000076f200000)
  from space 10752K, 92% used [0x000000076f200000,0x000000076fbbc388,0x000000076fc80000)
  to   space 10752K, 0% used [0x000000076fc80000,0x000000076fc80000,0x0000000770700000)
 ParOldGen       total 175104K, used 88K [0x00000006c1600000, 0x00000006cc100000, 0x000000076b200000)
  object space 175104K, 0% used [0x00000006c1600000,0x00000006c1616010,0x00000006cc100000)
 Metaspace       used 15375K, capacity 15940K, committed 16256K, reserved 1062912K
  class space    used 1937K, capacity 2073K, committed 2176K, reserved 1048576K
}
Event: 3.622 GC heap before
{Heap before GC invocations=2 (full 0):
 PSYoungGen      total 76288K, used 73199K [0x000000076b200000, 0x0000000770700000, 0x00000007c0000000)
  eden space 65536K, 96% used [0x000000076b200000,0x000000076efbfc10,0x000000076f200000)
  from space 10752K, 92% used [0x000000076f200000,0x000000076fbbc388,0x000000076fc80000)
  to   space 10752K, 0% used [0x000000076fc80000,0x000000076fc80000,0x0000000770700000)
 ParOldGen       total 175104K, used 88K [0x00000006c1600000, 0x00000006cc100000, 0x000000076b200000)
  object space 175104K, 0% used [0x00000006c1600000,0x00000006c1616010,0x00000006cc100000)
 Metaspace       used 20489K, capacity 21084K, committed 21248K, reserved 1067008K
  class space    used 2575K, capacity 2721K, committed 2816K, reserved 1048576K
Event: 3.629 GC heap after
Heap after GC invocations=2 (full 0):
 PSYoungGen      total 76288K, used 10732K [0x000000076b200000, 0x0000000770700000, 0x00000007c0000000)
  eden space 65536K, 0% used [0x000000076b200000,0x000000076b200000,0x000000076f200000)
  from space 10752K, 99% used [0x000000076fc80000,0x00000007706fb2f0,0x0000000770700000)
  to   space 10752K, 0% used [0x000000076f200000,0x000000076f200000,0x000000076fc80000)
 ParOldGen       total 175104K, used 6144K [0x00000006c1600000, 0x00000006cc100000, 0x000000076b200000)
  object space 175104K, 3% used [0x00000006c1600000,0x00000006c1c002e8,0x00000006cc100000)
 Metaspace       used 20489K, capacity 21084K, committed 21248K, reserved 1067008K
  class space    used 2575K, capacity 2721K, committed 2816K, reserved 1048576K
}
Event: 3.629 GC heap before
{Heap before GC invocations=3 (full 1):
 PSYoungGen      total 76288K, used 10732K [0x000000076b200000, 0x0000000770700000, 0x00000007c0000000)
  eden space 65536K, 0% used [0x000000076b200000,0x000000076b200000,0x000000076f200000)
  from space 10752K, 99% used [0x000000076fc80000,0x00000007706fb2f0,0x0000000770700000)
  to   space 10752K, 0% used [0x000000076f200000,0x000000076f200000,0x000000076fc80000)
 ParOldGen       total 175104K, used 6144K [0x00000006c1600000, 0x00000006cc100000, 0x000000076b200000)
  object space 175104K, 3% used [0x00000006c1600000,0x00000006c1c002e8,0x00000006cc100000)
 Metaspace       used 20489K, capacity 21084K, committed 21248K, reserved 1067008K
  class space    used 2575K, capacity 2721K, committed 2816K, reserved 1048576K
Event: 3.659 GC heap after
Heap after GC invocations=3 (full 1):
 PSYoungGen      total 76288K, used 0K [0x000000076b200000, 0x0000000770700000, 0x00000007c0000000)
  eden space 65536K, 0% used [0x000000076b200000,0x000000076b200000,0x000000076f200000)
  from space 10752K, 0% used [0x000000076fc80000,0x000000076fc80000,0x0000000770700000)
  to   space 10752K, 0% used [0x000000076f200000,0x000000076f200000,0x000000076fc80000)
 ParOldGen       total 129536K, used 16609K [0x00000006c1600000, 0x00000006c9480000, 0x000000076b200000)
  object space 129536K, 12% used [0x00000006c1600000,0x00000006c2638590,0x00000006c9480000)
 Metaspace       used 20489K, capacity 21084K, committed 21248K, reserved 1067008K
  class space    used 2575K, capacity 2721K, committed 2816K, reserved 1048576K
}
Event: 4.246 GC heap before
{Heap before GC invocations=4 (full 1):
 PSYoungGen      total 76288K, used 65536K [0x000000076b200000, 0x0000000770700000, 0x00000007c0000000)
  eden space 65536K, 100% used [0x000000076b200000,0x000000076f200000,0x000000076f200000)
  from space 10752K, 0% used [0x000000076fc80000,0x000000076fc80000,0x0000000770700000)
  to   space 10752K, 0% used [0x000000076f200000,0x000000076f200000,0x000000076fc80000)
 ParOldGen       total 129536K, used 16609K [0x00000006c1600000, 0x00000006c9480000, 0x000000076b200000)
  object space 129536K, 12% used [0x00000006c1600000,0x00000006c2638590,0x00000006c9480000)
 Metaspace       used 23513K, capacity 24224K, committed 24448K, reserved 1071104K
  class space    used 2967K, capacity 3143K, committed 3200K, reserved 1048576K
Event: 4.252 GC heap after
Heap after GC invocations=4 (full 1):
 PSYoungGen      total 76288K, used 10732K [0x000000076b200000, 0x0000000772480000, 0x00000007c0000000)
  eden space 65536K, 0% used [0x000000076b200000,0x000000076b200000,0x000000076f200000)
  from space 10752K, 99% used [0x000000076f200000,0x000000076fc7b038,0x000000076fc80000)
  to   space 10752K, 0% used [0x0000000771a00000,0x0000000771a00000,0x0000000772480000)
 ParOldGen       total 129536K, used 16706K [0x00000006c1600000, 0x00000006c9480000, 0x000000076b200000)
  object space 129536K, 12% used [0x00000006c1600000,0x00000006c2650bd8,0x00000006c9480000)
 Metaspace       used 23513K, capacity 24224K, committed 24448K, reserved 1071104K
  class space    used 2967K, capacity 3143K, committed 3200K, reserved 1048576K
}
Event: 4.380 GC heap before
{Heap before GC invocations=5 (full 1):
 PSYoungGen      total 76288K, used 76268K [0x000000076b200000, 0x0000000772480000, 0x00000007c0000000)
  eden space 65536K, 100% used [0x000000076b200000,0x000000076f200000,0x000000076f200000)
  from space 10752K, 99% used [0x000000076f200000,0x000000076fc7b038,0x000000076fc80000)
  to   space 10752K, 0% used [0x0000000771a00000,0x0000000771a00000,0x0000000772480000)
 ParOldGen       total 129536K, used 16706K [0x00000006c1600000, 0x00000006c9480000, 0x000000076b200000)
  object space 129536K, 12% used [0x00000006c1600000,0x00000006c2650bd8,0x00000006c9480000)
 Metaspace       used 23517K, capacity 24224K, committed 24448K, reserved 1071104K
  class space    used 2967K, capacity 3143K, committed 3200K, reserved 1048576K
Event: 4.388 GC heap after
Heap after GC invocations=5 (full 1):
 PSYoungGen      total 106496K, used 9783K [0x000000076b200000, 0x0000000773400000, 0x00000007c0000000)
  eden space 95744K, 0% used [0x000000076b200000,0x000000076b200000,0x0000000770f80000)
  from space 10752K, 90% used [0x0000000771a00000,0x000000077238de70,0x0000000772480000)
  to   space 10752K, 0% used [0x0000000770f80000,0x0000000770f80000,0x0000000771a00000)
 ParOldGen       total 129536K, used 16714K [0x00000006c1600000, 0x00000006c9480000, 0x000000076b200000)
  object space 129536K, 12% used [0x00000006c1600000,0x00000006c2652bd8,0x00000006c9480000)
 Metaspace       used 23517K, capacity 24224K, committed 24448K, reserved 1071104K
  class space    used 2967K, capacity 3143K, committed 3200K, reserved 1048576K
}

